This is pdfTeX, Version 3.14159265-2.6-1.40.19 (MiKTeX 2.9.6880 64-bit) (preloaded format=pdflatex 2018.11.16)  16 JAN 2020 19:33
entering extended mode
**./Final.tex
(Final.tex
LaTeX2e <2018-04-01> patch level 5
("C:\Users\kbhan\AppData\Local\Programs\MiKTeX 2.9\tex\latex\base\article.cls"
Document Class: article 2014/09/29 v1.4h Standard LaTeX document class
("C:\Users\kbhan\AppData\Local\Programs\MiKTeX 2.9\tex\latex\base\size12.clo"
File: size12.clo 2014/09/29 v1.4h Standard LaTeX file (size option)
)
\c@part=\count80
\c@section=\count81
\c@subsection=\count82
\c@subsubsection=\count83
\c@paragraph=\count84
\c@subparagraph=\count85
\c@figure=\count86
\c@table=\count87
\abovecaptionskip=\skip41
\belowcaptionskip=\skip42
\bibindent=\dimen102
) ("C:\Users\kbhan\AppData\Local\Programs\MiKTeX 2.9\tex\latex\base\inputenc.st
y"
Package: inputenc 2018/04/06 v1.3b Input encoding file
\inpenc@prehook=\toks14
\inpenc@posthook=\toks15
) ("C:\Users\kbhan\AppData\Local\Programs\MiKTeX 2.9\tex\latex\float\float.sty"
Package: float 2001/11/08 v1.3d Float enhancements (AL)
\c@float@type=\count88
\float@exts=\toks16
\float@box=\box26
\@float@everytoks=\toks17
\@floatcapt=\box27
)
("C:\Users\kbhan\AppData\Local\Programs\MiKTeX 2.9\tex\generic\babel\babel.sty"
Package: babel 2018/10/16 3.26 The Babel package
("C:\Users\kbhan\AppData\Local\Programs\MiKTeX 2.9\tex\generic\babel\switch.def
"
File: switch.def 2018/10/16 3.26 Babel switching mechanism
)
*************************************
* Local config file bblopts.cfg used
*
("C:\Users\kbhan\AppData\Local\Programs\MiKTeX 2.9\tex\latex\arabi\bblopts.cfg"
File: bblopts.cfg 2005/09/08 v0.1 add Arabic and Farsi to "declared" options of
 babel
)
("C:\Users\kbhan\AppData\Local\Programs\MiKTeX 2.9\tex\latex\babel-english\engl
ish.ldf"
Language: english 2017/06/06 v3.3r English support from the babel system

("C:\Users\kbhan\AppData\Local\Programs\MiKTeX 2.9\tex\generic\babel\babel.def"
File: babel.def 2018/10/16 3.26 Babel common definitions
\babel@savecnt=\count89
\U@D=\dimen103

("C:\Users\kbhan\AppData\Local\Programs\MiKTeX 2.9\tex\generic\babel\txtbabel.d
ef")
\bbl@dirlevel=\count90
)
\l@canadian = a dialect from \language\l@american 
\l@australian = a dialect from \language\l@british 
\l@newzealand = a dialect from \language\l@british 
))
("C:\Users\kbhan\AppData\Local\Programs\MiKTeX 2.9\tex\latex\amsmath\amsmath.st
y"
Package: amsmath 2017/09/02 v2.17a AMS math features
\@mathmargin=\skip43

For additional information on amsmath, use the `?' option.

("C:\Users\kbhan\AppData\Local\Programs\MiKTeX 2.9\tex\latex\amsmath\amstext.st
y"
Package: amstext 2000/06/29 v2.01 AMS text

("C:\Users\kbhan\AppData\Local\Programs\MiKTeX 2.9\tex\latex\amsmath\amsgen.sty
"
File: amsgen.sty 1999/11/30 v2.0 generic functions
\@emptytoks=\toks18
\ex@=\dimen104
))
("C:\Users\kbhan\AppData\Local\Programs\MiKTeX 2.9\tex\latex\amsmath\amsbsy.sty
"
Package: amsbsy 1999/11/29 v1.2d Bold Symbols
\pmbraise@=\dimen105
)
("C:\Users\kbhan\AppData\Local\Programs\MiKTeX 2.9\tex\latex\amsmath\amsopn.sty
"
Package: amsopn 2016/03/08 v2.02 operator names
)
\inf@bad=\count91
LaTeX Info: Redefining \frac on input line 213.
\uproot@=\count92
\leftroot@=\count93
LaTeX Info: Redefining \overline on input line 375.
\classnum@=\count94
\DOTSCASE@=\count95
LaTeX Info: Redefining \ldots on input line 472.
LaTeX Info: Redefining \dots on input line 475.
LaTeX Info: Redefining \cdots on input line 596.
\Mathstrutbox@=\box28
\strutbox@=\box29
\big@size=\dimen106
LaTeX Font Info:    Redeclaring font encoding OML on input line 712.
LaTeX Font Info:    Redeclaring font encoding OMS on input line 713.
\macc@depth=\count96
\c@MaxMatrixCols=\count97
\dotsspace@=\muskip10
\c@parentequation=\count98
\dspbrk@lvl=\count99
\tag@help=\toks19
\row@=\count100
\column@=\count101
\maxfields@=\count102
\andhelp@=\toks20
\eqnshift@=\dimen107
\alignsep@=\dimen108
\tagshift@=\dimen109
\tagwidth@=\dimen110
\totwidth@=\dimen111
\lineht@=\dimen112
\@envbody=\toks21
\multlinegap=\skip44
\multlinetaggap=\skip45
\mathdisplay@stack=\toks22
LaTeX Info: Redefining \[ on input line 2817.
LaTeX Info: Redefining \] on input line 2818.
)
("C:\Users\kbhan\AppData\Local\Programs\MiKTeX 2.9\tex\latex\wasysym\wasysym.st
y"
Package: wasysym 2003/10/30 v2.0 Wasy-2 symbol support package
\symwasy=\mathgroup4
LaTeX Font Info:    Overwriting symbol font `wasy' in version `bold'
(Font)                  U/wasy/m/n --> U/wasy/b/n on input line 90.
)
("C:\Users\kbhan\AppData\Local\Programs\MiKTeX 2.9\tex\latex\amsfonts\amssymb.s
ty"
Package: amssymb 2013/01/14 v3.01 AMS font symbols

("C:\Users\kbhan\AppData\Local\Programs\MiKTeX 2.9\tex\latex\amsfonts\amsfonts.
sty"
Package: amsfonts 2013/01/14 v3.01 Basic AMSFonts support
\symAMSa=\mathgroup5
\symAMSb=\mathgroup6
LaTeX Font Info:    Overwriting math alphabet `\mathfrak' in version `bold'
(Font)                  U/euf/m/n --> U/euf/b/n on input line 106.
))
("C:\Users\kbhan\AppData\Local\Programs\MiKTeX 2.9\tex\latex\graphics\graphicx.
sty"
Package: graphicx 2017/06/01 v1.1a Enhanced LaTeX Graphics (DPC,SPQR)

("C:\Users\kbhan\AppData\Local\Programs\MiKTeX 2.9\tex\latex\graphics\keyval.st
y"
Package: keyval 2014/10/28 v1.15 key=value parser (DPC)
\KV@toks@=\toks23
)
("C:\Users\kbhan\AppData\Local\Programs\MiKTeX 2.9\tex\latex\graphics\graphics.
sty"
Package: graphics 2017/06/25 v1.2c Standard LaTeX Graphics (DPC,SPQR)

("C:\Users\kbhan\AppData\Local\Programs\MiKTeX 2.9\tex\latex\graphics\trig.sty"
Package: trig 2016/01/03 v1.10 sin cos tan (DPC)
)
("C:\Users\kbhan\AppData\Local\Programs\MiKTeX 2.9\tex\latex\graphics-cfg\graph
ics.cfg"
File: graphics.cfg 2016/06/04 v1.11 sample graphics configuration
)
Package graphics Info: Driver file: pdftex.def on input line 99.

("C:\Users\kbhan\AppData\Local\Programs\MiKTeX 2.9\tex\latex\graphics-def\pdfte
x.def"
File: pdftex.def 2018/01/08 v1.0l Graphics/color driver for pdftex
))
\Gin@req@height=\dimen113
\Gin@req@width=\dimen114
)
("C:\Users\kbhan\AppData\Local\Programs\MiKTeX 2.9\tex\latex\hyperref\hyperref.
sty"
Package: hyperref 2018/09/30 v6.88a Hypertext links for LaTeX

("C:\Users\kbhan\AppData\Local\Programs\MiKTeX 2.9\tex\generic\oberdiek\hobsub-
hyperref.sty"
Package: hobsub-hyperref 2016/05/16 v1.14 Bundle oberdiek, subset hyperref (HO)


("C:\Users\kbhan\AppData\Local\Programs\MiKTeX 2.9\tex\generic\oberdiek\hobsub-
generic.sty"
Package: hobsub-generic 2016/05/16 v1.14 Bundle oberdiek, subset generic (HO)
Package: hobsub 2016/05/16 v1.14 Construct package bundles (HO)
Package: infwarerr 2016/05/16 v1.4 Providing info/warning/error messages (HO)
Package: ltxcmds 2016/05/16 v1.23 LaTeX kernel commands for general use (HO)
Package: ifluatex 2016/05/16 v1.4 Provides the ifluatex switch (HO)
Package ifluatex Info: LuaTeX not detected.
Package: ifvtex 2016/05/16 v1.6 Detect VTeX and its facilities (HO)
Package ifvtex Info: VTeX not detected.
Package: intcalc 2016/05/16 v1.2 Expandable calculations with integers (HO)
Package: ifpdf 2018/09/07 v3.3 Provides the ifpdf switch
Package: etexcmds 2016/05/16 v1.6 Avoid name clashes with e-TeX commands (HO)
Package: kvsetkeys 2016/05/16 v1.17 Key value parser (HO)
Package: kvdefinekeys 2016/05/16 v1.4 Define keys (HO)
Package: pdftexcmds 2018/09/10 v0.29 Utility functions of pdfTeX for LuaTeX (HO
)
Package pdftexcmds Info: LuaTeX not detected.
Package pdftexcmds Info: \pdf@primitive is available.
Package pdftexcmds Info: \pdf@ifprimitive is available.
Package pdftexcmds Info: \pdfdraftmode found.
Package: pdfescape 2016/05/16 v1.14 Implements pdfTeX's escape features (HO)
Package: bigintcalc 2016/05/16 v1.4 Expandable calculations on big integers (HO
)
Package: bitset 2016/05/16 v1.2 Handle bit-vector datatype (HO)
Package: uniquecounter 2016/05/16 v1.3 Provide unlimited unique counter (HO)
)
Package hobsub Info: Skipping package `hobsub' (already loaded).
Package: letltxmacro 2016/05/16 v1.5 Let assignment for LaTeX macros (HO)
Package: hopatch 2016/05/16 v1.3 Wrapper for package hooks (HO)
Package: xcolor-patch 2016/05/16 xcolor patch
Package: atveryend 2016/05/16 v1.9 Hooks at the very end of document (HO)
Package atveryend Info: \enddocument detected (standard20110627).
Package: atbegshi 2016/06/09 v1.18 At begin shipout hook (HO)
Package: refcount 2016/05/16 v3.5 Data extraction from label references (HO)
Package: hycolor 2016/05/16 v1.8 Color options for hyperref/bookmark (HO)
)
("C:\Users\kbhan\AppData\Local\Programs\MiKTeX 2.9\tex\generic\ifxetex\ifxetex.
sty"
Package: ifxetex 2010/09/12 v0.6 Provides ifxetex conditional
)
("C:\Users\kbhan\AppData\Local\Programs\MiKTeX 2.9\tex\latex\oberdiek\auxhook.s
ty"
Package: auxhook 2016/05/16 v1.4 Hooks for auxiliary files (HO)
)
("C:\Users\kbhan\AppData\Local\Programs\MiKTeX 2.9\tex\latex\oberdiek\kvoptions
.sty"
Package: kvoptions 2016/05/16 v3.12 Key value format for package options (HO)
)
\@linkdim=\dimen115
\Hy@linkcounter=\count103
\Hy@pagecounter=\count104

("C:\Users\kbhan\AppData\Local\Programs\MiKTeX 2.9\tex\latex\hyperref\pd1enc.de
f"
File: pd1enc.def 2018/09/30 v6.88a Hyperref: PDFDocEncoding definition (HO)
Now handling font encoding PD1 ...
... no UTF-8 mapping file for font encoding PD1
)
\Hy@SavedSpaceFactor=\count105

("C:\Users\kbhan\AppData\Local\Programs\MiKTeX 2.9\tex\latex\00miktex\hyperref.
cfg"
File: hyperref.cfg 2002/06/06 v1.2 hyperref configuration of TeXLive
)
Package hyperref Info: Hyper figures OFF on input line 4535.
Package hyperref Info: Link nesting OFF on input line 4540.
Package hyperref Info: Hyper index ON on input line 4543.
Package hyperref Info: Plain pages OFF on input line 4550.
Package hyperref Info: Backreferencing OFF on input line 4555.
Package hyperref Info: Implicit mode ON; LaTeX internals redefined.
Package hyperref Info: Bookmarks ON on input line 4788.
\c@Hy@tempcnt=\count106
 ("C:\Users\kbhan\AppData\Local\Programs\MiKTeX 2.9\tex\latex\url\url.sty"
\Urlmuskip=\muskip11
Package: url 2013/09/16  ver 3.4  Verb mode for urls, etc.
)
LaTeX Info: Redefining \url on input line 5141.
\XeTeXLinkMargin=\dimen116
\Fld@menulength=\count107
\Field@Width=\dimen117
\Fld@charsize=\dimen118
Package hyperref Info: Hyper figures OFF on input line 6396.
Package hyperref Info: Link nesting OFF on input line 6401.
Package hyperref Info: Hyper index ON on input line 6404.
Package hyperref Info: backreferencing OFF on input line 6411.
Package hyperref Info: Link coloring OFF on input line 6416.
Package hyperref Info: Link coloring with OCG OFF on input line 6421.
Package hyperref Info: PDF/A mode OFF on input line 6426.
LaTeX Info: Redefining \ref on input line 6466.
LaTeX Info: Redefining \pageref on input line 6470.
\Hy@abspage=\count108
\c@Item=\count109
\c@Hfootnote=\count110
)
Package hyperref Info: Driver (autodetected): hpdftex.

("C:\Users\kbhan\AppData\Local\Programs\MiKTeX 2.9\tex\latex\hyperref\hpdftex.d
ef"
File: hpdftex.def 2018/09/30 v6.88a Hyperref driver for pdfTeX
\Fld@listcount=\count111
\c@bookmark@seq@number=\count112

("C:\Users\kbhan\AppData\Local\Programs\MiKTeX 2.9\tex\latex\oberdiek\rerunfile
check.sty"
Package: rerunfilecheck 2016/05/16 v1.8 Rerun checks for auxiliary files (HO)
Package uniquecounter Info: New unique counter `rerunfilecheck' on input line 2
82.
)
\Hy@SectionHShift=\skip46
)
("C:\Users\kbhan\AppData\Local\Programs\MiKTeX 2.9\tex\latex\booktabs\booktabs.
sty"
Package: booktabs 2005/04/14 v1.61803 publication quality tables
\heavyrulewidth=\dimen119
\lightrulewidth=\dimen120
\cmidrulewidth=\dimen121
\belowrulesep=\dimen122
\belowbottomsep=\dimen123
\aboverulesep=\dimen124
\abovetopsep=\dimen125
\cmidrulesep=\dimen126
\cmidrulekern=\dimen127
\defaultaddspace=\dimen128
\@cmidla=\count113
\@cmidlb=\count114
\@aboverulesep=\dimen129
\@belowrulesep=\dimen130
\@thisruleclass=\count115
\@lastruleclass=\count116
\@thisrulewidth=\dimen131
)
("C:\Users\kbhan\AppData\Local\Programs\MiKTeX 2.9\tex\latex\todonotes\todonote
s.sty"
Package: todonotes 2019/01/24 v1.1.2 Todonotes source and documentation.
Package: todonotes 2018/11/22

("C:\Users\kbhan\AppData\Local\Programs\MiKTeX 2.9\tex\latex\base\ifthen.sty"
Package: ifthen 2014/09/29 v1.1c Standard LaTeX ifthen package (DPC)
)
("C:\Users\kbhan\AppData\Local\Programs\MiKTeX 2.9\tex\latex\xkeyval\xkeyval.st
y"
Package: xkeyval 2014/12/03 v2.7a package option processing (HA)

("C:\Users\kbhan\AppData\Local\Programs\MiKTeX 2.9\tex\generic\xkeyval\xkeyval.
tex"
("C:\Users\kbhan\AppData\Local\Programs\MiKTeX 2.9\tex\generic\xkeyval\xkvutils
.tex"
\XKV@toks=\toks24
\XKV@tempa@toks=\toks25
)
\XKV@depth=\count117
File: xkeyval.tex 2014/12/03 v2.7a key=value parser (HA)
))
("C:\Users\kbhan\AppData\Local\Programs\MiKTeX 2.9\tex\latex\xcolor\xcolor.sty"
Package: xcolor 2016/05/11 v2.12 LaTeX color extensions (UK)

("C:\Users\kbhan\AppData\Local\Programs\MiKTeX 2.9\tex\latex\graphics-cfg\color
.cfg"
File: color.cfg 2016/01/02 v1.6 sample color configuration
)
Package xcolor Info: Driver file: pdftex.def on input line 225.
Package xcolor Info: Model `cmy' substituted by `cmy0' on input line 1348.
Package xcolor Info: Model `hsb' substituted by `rgb' on input line 1352.
Package xcolor Info: Model `RGB' extended on input line 1364.
Package xcolor Info: Model `HTML' substituted by `rgb' on input line 1366.
Package xcolor Info: Model `Hsb' substituted by `hsb' on input line 1367.
Package xcolor Info: Model `tHsb' substituted by `hsb' on input line 1368.
Package xcolor Info: Model `HSB' substituted by `hsb' on input line 1369.
Package xcolor Info: Model `Gray' substituted by `gray' on input line 1370.
Package xcolor Info: Model `wave' substituted by `hsb' on input line 1371.
)
("C:\Users\kbhan\AppData\Local\Programs\MiKTeX 2.9\tex\latex\pgf\frontendlayer\
tikz.sty"
("C:\Users\kbhan\AppData\Local\Programs\MiKTeX 2.9\tex\latex\pgf\basiclayer\pgf
.sty"
("C:\Users\kbhan\AppData\Local\Programs\MiKTeX 2.9\tex\latex\pgf\utilities\pgfr
cs.sty"
("C:\Users\kbhan\AppData\Local\Programs\MiKTeX 2.9\tex\generic\pgf\utilities\pg
futil-common.tex"
\pgfutil@everybye=\toks26
\pgfutil@tempdima=\dimen132
\pgfutil@tempdimb=\dimen133

("C:\Users\kbhan\AppData\Local\Programs\MiKTeX 2.9\tex\generic\pgf\utilities\pg
futil-common-lists.tex"))
("C:\Users\kbhan\AppData\Local\Programs\MiKTeX 2.9\tex\generic\pgf\utilities\pg
futil-latex.def"
\pgfutil@abb=\box30

("C:\Users\kbhan\AppData\Local\Programs\MiKTeX 2.9\tex\latex\ms\everyshi.sty"
Package: everyshi 2001/05/15 v3.00 EveryShipout Package (MS)
))
("C:\Users\kbhan\AppData\Local\Programs\MiKTeX 2.9\tex\generic\pgf\utilities\pg
frcs.code.tex"
("C:\Users\kbhan\AppData\Local\Programs\MiKTeX 2.9\tex\generic\pgf\pgf.revision
.tex")
Package: pgfrcs 2019/08/03 v3.1.4b (3.1.4b)
))
Package: pgf 2019/08/03 v3.1.4b (3.1.4b)

("C:\Users\kbhan\AppData\Local\Programs\MiKTeX 2.9\tex\latex\pgf\basiclayer\pgf
core.sty"
("C:\Users\kbhan\AppData\Local\Programs\MiKTeX 2.9\tex\latex\pgf\systemlayer\pg
fsys.sty"
("C:\Users\kbhan\AppData\Local\Programs\MiKTeX 2.9\tex\generic\pgf\systemlayer\
pgfsys.code.tex"
Package: pgfsys 2019/08/03 v3.1.4b (3.1.4b)

("C:\Users\kbhan\AppData\Local\Programs\MiKTeX 2.9\tex\generic\pgf\utilities\pg
fkeys.code.tex"
\pgfkeys@pathtoks=\toks27
\pgfkeys@temptoks=\toks28

("C:\Users\kbhan\AppData\Local\Programs\MiKTeX 2.9\tex\generic\pgf\utilities\pg
fkeysfiltered.code.tex"
\pgfkeys@tmptoks=\toks29
))
\pgf@x=\dimen134
\pgf@y=\dimen135
\pgf@xa=\dimen136
\pgf@ya=\dimen137
\pgf@xb=\dimen138
\pgf@yb=\dimen139
\pgf@xc=\dimen140
\pgf@yc=\dimen141
\pgf@xd=\dimen142
\pgf@yd=\dimen143
\w@pgf@writea=\write3
\r@pgf@reada=\read1
\c@pgf@counta=\count118
\c@pgf@countb=\count119
\c@pgf@countc=\count120
\c@pgf@countd=\count121
\t@pgf@toka=\toks30
\t@pgf@tokb=\toks31
\t@pgf@tokc=\toks32
\pgf@sys@id@count=\count122

("C:\Users\kbhan\AppData\Local\Programs\MiKTeX 2.9\tex\generic\pgf\systemlayer\
pgf.cfg"
File: pgf.cfg 2019/08/03 v3.1.4b (3.1.4b)
)
Driver file for pgf: pgfsys-pdftex.def

("C:\Users\kbhan\AppData\Local\Programs\MiKTeX 2.9\tex\generic\pgf\systemlayer\
pgfsys-pdftex.def"
File: pgfsys-pdftex.def 2019/08/03 v3.1.4b (3.1.4b)

("C:\Users\kbhan\AppData\Local\Programs\MiKTeX 2.9\tex\generic\pgf\systemlayer\
pgfsys-common-pdf.def"
File: pgfsys-common-pdf.def 2019/08/03 v3.1.4b (3.1.4b)
)))
("C:\Users\kbhan\AppData\Local\Programs\MiKTeX 2.9\tex\generic\pgf\systemlayer\
pgfsyssoftpath.code.tex"
File: pgfsyssoftpath.code.tex 2019/08/03 v3.1.4b (3.1.4b)
\pgfsyssoftpath@smallbuffer@items=\count123
\pgfsyssoftpath@bigbuffer@items=\count124
)
("C:\Users\kbhan\AppData\Local\Programs\MiKTeX 2.9\tex\generic\pgf\systemlayer\
pgfsysprotocol.code.tex"
File: pgfsysprotocol.code.tex 2019/08/03 v3.1.4b (3.1.4b)
))
("C:\Users\kbhan\AppData\Local\Programs\MiKTeX 2.9\tex\generic\pgf\basiclayer\p
gfcore.code.tex"
Package: pgfcore 2019/08/03 v3.1.4b (3.1.4b)

("C:\Users\kbhan\AppData\Local\Programs\MiKTeX 2.9\tex\generic\pgf\math\pgfmath
.code.tex"
("C:\Users\kbhan\AppData\Local\Programs\MiKTeX 2.9\tex\generic\pgf\math\pgfmath
calc.code.tex"
("C:\Users\kbhan\AppData\Local\Programs\MiKTeX 2.9\tex\generic\pgf\math\pgfmath
util.code.tex")
("C:\Users\kbhan\AppData\Local\Programs\MiKTeX 2.9\tex\generic\pgf\math\pgfmath
parser.code.tex"
\pgfmath@dimen=\dimen144
\pgfmath@count=\count125
\pgfmath@box=\box31
\pgfmath@toks=\toks33
\pgfmath@stack@operand=\toks34
\pgfmath@stack@operation=\toks35
)
("C:\Users\kbhan\AppData\Local\Programs\MiKTeX 2.9\tex\generic\pgf\math\pgfmath
functions.code.tex"
("C:\Users\kbhan\AppData\Local\Programs\MiKTeX 2.9\tex\generic\pgf\math\pgfmath
functions.basic.code.tex")
("C:\Users\kbhan\AppData\Local\Programs\MiKTeX 2.9\tex\generic\pgf\math\pgfmath
functions.trigonometric.code.tex")
("C:\Users\kbhan\AppData\Local\Programs\MiKTeX 2.9\tex\generic\pgf\math\pgfmath
functions.random.code.tex")
("C:\Users\kbhan\AppData\Local\Programs\MiKTeX 2.9\tex\generic\pgf\math\pgfmath
functions.comparison.code.tex")
("C:\Users\kbhan\AppData\Local\Programs\MiKTeX 2.9\tex\generic\pgf\math\pgfmath
functions.base.code.tex")
("C:\Users\kbhan\AppData\Local\Programs\MiKTeX 2.9\tex\generic\pgf\math\pgfmath
functions.round.code.tex")
("C:\Users\kbhan\AppData\Local\Programs\MiKTeX 2.9\tex\generic\pgf\math\pgfmath
functions.misc.code.tex")
("C:\Users\kbhan\AppData\Local\Programs\MiKTeX 2.9\tex\generic\pgf\math\pgfmath
functions.integerarithmetics.code.tex")))
("C:\Users\kbhan\AppData\Local\Programs\MiKTeX 2.9\tex\generic\pgf\math\pgfmath
float.code.tex"
\c@pgfmathroundto@lastzeros=\count126
))
("C:\Users\kbhan\AppData\Local\Programs\MiKTeX 2.9\tex\generic\pgf\math\pgfint.
code.tex")
("C:\Users\kbhan\AppData\Local\Programs\MiKTeX 2.9\tex\generic\pgf\basiclayer\p
gfcorepoints.code.tex"
File: pgfcorepoints.code.tex 2019/08/03 v3.1.4b (3.1.4b)
\pgf@picminx=\dimen145
\pgf@picmaxx=\dimen146
\pgf@picminy=\dimen147
\pgf@picmaxy=\dimen148
\pgf@pathminx=\dimen149
\pgf@pathmaxx=\dimen150
\pgf@pathminy=\dimen151
\pgf@pathmaxy=\dimen152
\pgf@xx=\dimen153
\pgf@xy=\dimen154
\pgf@yx=\dimen155
\pgf@yy=\dimen156
\pgf@zx=\dimen157
\pgf@zy=\dimen158
)
("C:\Users\kbhan\AppData\Local\Programs\MiKTeX 2.9\tex\generic\pgf\basiclayer\p
gfcorepathconstruct.code.tex"
File: pgfcorepathconstruct.code.tex 2019/08/03 v3.1.4b (3.1.4b)
\pgf@path@lastx=\dimen159
\pgf@path@lasty=\dimen160
)
("C:\Users\kbhan\AppData\Local\Programs\MiKTeX 2.9\tex\generic\pgf\basiclayer\p
gfcorepathusage.code.tex"
File: pgfcorepathusage.code.tex 2019/08/03 v3.1.4b (3.1.4b)
\pgf@shorten@end@additional=\dimen161
\pgf@shorten@start@additional=\dimen162
)
("C:\Users\kbhan\AppData\Local\Programs\MiKTeX 2.9\tex\generic\pgf\basiclayer\p
gfcorescopes.code.tex"
File: pgfcorescopes.code.tex 2019/08/03 v3.1.4b (3.1.4b)
\pgfpic=\box32
\pgf@hbox=\box33
\pgf@layerbox@main=\box34
\pgf@picture@serial@count=\count127
)
("C:\Users\kbhan\AppData\Local\Programs\MiKTeX 2.9\tex\generic\pgf\basiclayer\p
gfcoregraphicstate.code.tex"
File: pgfcoregraphicstate.code.tex 2019/08/03 v3.1.4b (3.1.4b)
\pgflinewidth=\dimen163
)
("C:\Users\kbhan\AppData\Local\Programs\MiKTeX 2.9\tex\generic\pgf\basiclayer\p
gfcoretransformations.code.tex"
File: pgfcoretransformations.code.tex 2019/08/03 v3.1.4b (3.1.4b)
\pgf@pt@x=\dimen164
\pgf@pt@y=\dimen165
\pgf@pt@temp=\dimen166
)
("C:\Users\kbhan\AppData\Local\Programs\MiKTeX 2.9\tex\generic\pgf\basiclayer\p
gfcorequick.code.tex"
File: pgfcorequick.code.tex 2019/08/03 v3.1.4b (3.1.4b)
)
("C:\Users\kbhan\AppData\Local\Programs\MiKTeX 2.9\tex\generic\pgf\basiclayer\p
gfcoreobjects.code.tex"
File: pgfcoreobjects.code.tex 2019/08/03 v3.1.4b (3.1.4b)
)
("C:\Users\kbhan\AppData\Local\Programs\MiKTeX 2.9\tex\generic\pgf\basiclayer\p
gfcorepathprocessing.code.tex"
File: pgfcorepathprocessing.code.tex 2019/08/03 v3.1.4b (3.1.4b)
)
("C:\Users\kbhan\AppData\Local\Programs\MiKTeX 2.9\tex\generic\pgf\basiclayer\p
gfcorearrows.code.tex"
File: pgfcorearrows.code.tex 2019/08/03 v3.1.4b (3.1.4b)
\pgfarrowsep=\dimen167
)
("C:\Users\kbhan\AppData\Local\Programs\MiKTeX 2.9\tex\generic\pgf\basiclayer\p
gfcoreshade.code.tex"
File: pgfcoreshade.code.tex 2019/08/03 v3.1.4b (3.1.4b)
\pgf@max=\dimen168
\pgf@sys@shading@range@num=\count128
\pgf@shadingcount=\count129
)
("C:\Users\kbhan\AppData\Local\Programs\MiKTeX 2.9\tex\generic\pgf\basiclayer\p
gfcoreimage.code.tex"
File: pgfcoreimage.code.tex 2019/08/03 v3.1.4b (3.1.4b)

("C:\Users\kbhan\AppData\Local\Programs\MiKTeX 2.9\tex\generic\pgf\basiclayer\p
gfcoreexternal.code.tex"
File: pgfcoreexternal.code.tex 2019/08/03 v3.1.4b (3.1.4b)
\pgfexternal@startupbox=\box35
))
("C:\Users\kbhan\AppData\Local\Programs\MiKTeX 2.9\tex\generic\pgf\basiclayer\p
gfcorelayers.code.tex"
File: pgfcorelayers.code.tex 2019/08/03 v3.1.4b (3.1.4b)
)
("C:\Users\kbhan\AppData\Local\Programs\MiKTeX 2.9\tex\generic\pgf\basiclayer\p
gfcoretransparency.code.tex"
File: pgfcoretransparency.code.tex 2019/08/03 v3.1.4b (3.1.4b)
)
("C:\Users\kbhan\AppData\Local\Programs\MiKTeX 2.9\tex\generic\pgf\basiclayer\p
gfcorepatterns.code.tex"
File: pgfcorepatterns.code.tex 2019/08/03 v3.1.4b (3.1.4b)
)
("C:\Users\kbhan\AppData\Local\Programs\MiKTeX 2.9\tex\generic\pgf\basiclayer\p
gfcorerdf.code.tex"
File: pgfcorerdf.code.tex 2019/08/03 v3.1.4b (3.1.4b)
)))
("C:\Users\kbhan\AppData\Local\Programs\MiKTeX 2.9\tex\generic\pgf\modules\pgfm
oduleshapes.code.tex"
File: pgfmoduleshapes.code.tex 2019/08/03 v3.1.4b (3.1.4b)
\pgfnodeparttextbox=\box36
)
("C:\Users\kbhan\AppData\Local\Programs\MiKTeX 2.9\tex\generic\pgf\modules\pgfm
oduleplot.code.tex"
File: pgfmoduleplot.code.tex 2019/08/03 v3.1.4b (3.1.4b)
)
("C:\Users\kbhan\AppData\Local\Programs\MiKTeX 2.9\tex\latex\pgf\compatibility\
pgfcomp-version-0-65.sty"
Package: pgfcomp-version-0-65 2019/08/03 v3.1.4b (3.1.4b)
\pgf@nodesepstart=\dimen169
\pgf@nodesepend=\dimen170
)
("C:\Users\kbhan\AppData\Local\Programs\MiKTeX 2.9\tex\latex\pgf\compatibility\
pgfcomp-version-1-18.sty"
Package: pgfcomp-version-1-18 2019/08/03 v3.1.4b (3.1.4b)
))
("C:\Users\kbhan\AppData\Local\Programs\MiKTeX 2.9\tex\latex\pgf\utilities\pgff
or.sty"
("C:\Users\kbhan\AppData\Local\Programs\MiKTeX 2.9\tex\latex\pgf\utilities\pgfk
eys.sty"
("C:\Users\kbhan\AppData\Local\Programs\MiKTeX 2.9\tex\generic\pgf\utilities\pg
fkeys.code.tex"))
("C:\Users\kbhan\AppData\Local\Programs\MiKTeX 2.9\tex\latex\pgf\math\pgfmath.s
ty"
("C:\Users\kbhan\AppData\Local\Programs\MiKTeX 2.9\tex\generic\pgf\math\pgfmath
.code.tex"))
("C:\Users\kbhan\AppData\Local\Programs\MiKTeX 2.9\tex\generic\pgf\utilities\pg
ffor.code.tex"
Package: pgffor 2019/08/03 v3.1.4b (3.1.4b)

("C:\Users\kbhan\AppData\Local\Programs\MiKTeX 2.9\tex\generic\pgf\math\pgfmath
.code.tex")
\pgffor@iter=\dimen171
\pgffor@skip=\dimen172
\pgffor@stack=\toks36
\pgffor@toks=\toks37
))
("C:\Users\kbhan\AppData\Local\Programs\MiKTeX 2.9\tex\generic\pgf\frontendlaye
r\tikz\tikz.code.tex"
Package: tikz 2019/08/03 v3.1.4b (3.1.4b)

("C:\Users\kbhan\AppData\Local\Programs\MiKTeX 2.9\tex\generic\pgf\libraries\pg
flibraryplothandlers.code.tex"
File: pgflibraryplothandlers.code.tex 2019/08/03 v3.1.4b (3.1.4b)
\pgf@plot@mark@count=\count130
\pgfplotmarksize=\dimen173
)
\tikz@lastx=\dimen174
\tikz@lasty=\dimen175
\tikz@lastxsaved=\dimen176
\tikz@lastysaved=\dimen177
\tikz@lastmovetox=\dimen178
\tikz@lastmovetoy=\dimen179
\tikzleveldistance=\dimen180
\tikzsiblingdistance=\dimen181
\tikz@figbox=\box37
\tikz@figbox@bg=\box38
\tikz@tempbox=\box39
\tikz@tempbox@bg=\box40
\tikztreelevel=\count131
\tikznumberofchildren=\count132
\tikznumberofcurrentchild=\count133
\tikz@fig@count=\count134

("C:\Users\kbhan\AppData\Local\Programs\MiKTeX 2.9\tex\generic\pgf\modules\pgfm
odulematrix.code.tex"
File: pgfmodulematrix.code.tex 2019/08/03 v3.1.4b (3.1.4b)
\pgfmatrixcurrentrow=\count135
\pgfmatrixcurrentcolumn=\count136
\pgf@matrix@numberofcolumns=\count137
)
\tikz@expandcount=\count138

("C:\Users\kbhan\AppData\Local\Programs\MiKTeX 2.9\tex\generic\pgf\frontendlaye
r\tikz\libraries\tikzlibrarytopaths.code.tex"
File: tikzlibrarytopaths.code.tex 2019/08/03 v3.1.4b (3.1.4b)
)))
("C:\Users\kbhan\AppData\Local\Programs\MiKTeX 2.9\tex\generic\pgf\frontendlaye
r\tikz\libraries\tikzlibrarypositioning.code.tex"
File: tikzlibrarypositioning.code.tex 2019/08/03 v3.1.4b (3.1.4b)
)
("C:\Users\kbhan\AppData\Local\Programs\MiKTeX 2.9\tex\generic\pgf\frontendlaye
r\tikz\libraries\tikzlibraryshadows.code.tex"
File: tikzlibraryshadows.code.tex 2019/08/03 v3.1.4b (3.1.4b)

("C:\Users\kbhan\AppData\Local\Programs\MiKTeX 2.9\tex\generic\pgf\frontendlaye
r\tikz\libraries\tikzlibraryfadings.code.tex"
File: tikzlibraryfadings.code.tex 2019/08/03 v3.1.4b (3.1.4b)

("C:\Users\kbhan\AppData\Local\Programs\MiKTeX 2.9\tex\generic\pgf\libraries\pg
flibraryfadings.code.tex"
File: pgflibraryfadings.code.tex 2019/08/03 v3.1.4b (3.1.4b)
)))
("C:\Users\kbhan\AppData\Local\Programs\MiKTeX 2.9\tex\latex\tools\calc.sty"
Package: calc 2017/05/25 v4.3 Infix arithmetic (KKT,FJ)
\calc@Acount=\count139
\calc@Bcount=\count140
\calc@Adimen=\dimen182
\calc@Bdimen=\dimen183
\calc@Askip=\skip47
\calc@Bskip=\skip48
LaTeX Info: Redefining \setlength on input line 80.
LaTeX Info: Redefining \addtolength on input line 81.
\calc@Ccount=\count141
\calc@Cskip=\skip49
)
\c@@todonotes@numberoftodonotes=\count142
)
("C:\Users\kbhan\AppData\Local\Programs\MiKTeX 2.9\tex\latex\marginnote\marginn
ote.sty"
Package: marginnote 2018/08/09 v1.4b non floating margin notes for LaTeX
\c@mn@abspage=\count143
)
("C:\Users\kbhan\AppData\Local\Programs\MiKTeX 2.9\tex\latex\eurosym\eurosym.st
y"
Package: eurosym 1998/08/06 v1.1 European currency symbol ``Euro''
\@eurobox=\box41
)
("C:\Users\kbhan\AppData\Local\Programs\MiKTeX 2.9\tex\latex\lastpage\lastpage.
sty"
Package: lastpage 2015/03/29 v1.2m Refers to last page's name (HMM; JPG)
)
("C:\Users\kbhan\AppData\Local\Programs\MiKTeX 2.9\tex\latex\sauerj\parcolumns.
sty"
Package: parcolumns 2004/11/25 v1.2 Typeset multiple parallel columns

("C:\Users\kbhan\AppData\Local\Programs\MiKTeX 2.9\tex\latex\sauerj\processkv.s
ty"
Package: processkv 2004/08/09 v1.0.1 process key=value lists
)
\pc@columnctr=\count144
\pc@columncount=\count145
\pc@everypar=\toks38
)
("C:\Users\kbhan\AppData\Local\Programs\MiKTeX 2.9\tex\latex\geometry\geometry.
sty"
Package: geometry 2018/04/16 v5.8 Page Geometry
\Gm@cnth=\count146
\Gm@cntv=\count147
\c@Gm@tempcnt=\count148
\Gm@bindingoffset=\dimen184
\Gm@wd@mp=\dimen185
\Gm@odd@mp=\dimen186
\Gm@even@mp=\dimen187
\Gm@layoutwidth=\dimen188
\Gm@layoutheight=\dimen189
\Gm@layouthoffset=\dimen190
\Gm@layoutvoffset=\dimen191
\Gm@dimlist=\toks39

("C:\Users\kbhan\AppData\Local\Programs\MiKTeX 2.9\tex\latex\geometry\geometry.
cfg"))
("C:\Users\kbhan\AppData\Local\Programs\MiKTeX 2.9\tex\latex\koma-script\scrpag
e2.sty"
Package: scrpage2 2018/03/30 v3.25 KOMA-Script package (page head and foot)


Package scrpage2 Warning: usage of obsolete package!
(scrpage2)                Package `scrpage2' is obsolete.
(scrpage2)                You should not longer use package `scrpage2'.
(scrpage2)                You should replace usage of package `scrpage2'
(scrpage2)                by `scrlayer-scrpage' on input line 52.

) (Final.aux)
\openout1 = `Final.aux'.

LaTeX Font Info:    Checking defaults for OML/cmm/m/it on input line 38.
LaTeX Font Info:    ... okay on input line 38.
LaTeX Font Info:    Checking defaults for T1/cmr/m/n on input line 38.
LaTeX Font Info:    ... okay on input line 38.
LaTeX Font Info:    Checking defaults for OT1/cmr/m/n on input line 38.
LaTeX Font Info:    ... okay on input line 38.
LaTeX Font Info:    Checking defaults for OMS/cmsy/m/n on input line 38.
LaTeX Font Info:    ... okay on input line 38.
LaTeX Font Info:    Checking defaults for OMX/cmex/m/n on input line 38.
LaTeX Font Info:    ... okay on input line 38.
LaTeX Font Info:    Checking defaults for U/cmr/m/n on input line 38.
LaTeX Font Info:    ... okay on input line 38.
LaTeX Font Info:    Checking defaults for PD1/pdf/m/n on input line 38.
LaTeX Font Info:    ... okay on input line 38.

("C:\Users\kbhan\AppData\Local\Programs\MiKTeX 2.9\tex\context\base\supp-pdf.mk
ii"
[Loading MPS to PDF converter (version 2006.09.02).]
\scratchcounter=\count149
\scratchdimen=\dimen192
\scratchbox=\box42
\nofMPsegments=\count150
\nofMParguments=\count151
\everyMPshowfont=\toks40
\MPscratchCnt=\count152
\MPscratchDim=\dimen193
\MPnumerator=\count153
\makeMPintoPDFobject=\count154
\everyMPtoPDFconversion=\toks41
)
("C:\Users\kbhan\AppData\Local\Programs\MiKTeX 2.9\tex\latex\oberdiek\epstopdf-
base.sty"
Package: epstopdf-base 2016/05/15 v2.6 Base part for package epstopdf

("C:\Users\kbhan\AppData\Local\Programs\MiKTeX 2.9\tex\latex\oberdiek\grfext.st
y"
Package: grfext 2016/05/16 v1.2 Manage graphics extensions (HO)
)
Package epstopdf-base Info: Redefining graphics rule for `.eps' on input line 4
38.
Package grfext Info: Graphics extension search list:
(grfext)             [.pdf,.png,.jpg,.mps,.jpeg,.jbig2,.jb2,.PDF,.PNG,.JPG,.JPE
G,.JBIG2,.JB2,.eps]
(grfext)             \AppendGraphicsExtensions on input line 456.
)
\AtBeginShipoutBox=\box43
Package hyperref Info: Link coloring OFF on input line 38.

("C:\Users\kbhan\AppData\Local\Programs\MiKTeX 2.9\tex\latex\hyperref\nameref.s
ty"
Package: nameref 2016/05/21 v2.44 Cross-referencing by name of section

("C:\Users\kbhan\AppData\Local\Programs\MiKTeX 2.9\tex\generic\oberdiek\gettitl
estring.sty"
Package: gettitlestring 2016/05/16 v1.5 Cleanup title references (HO)
)
\c@section@level=\count155
)
LaTeX Info: Redefining \ref on input line 38.
LaTeX Info: Redefining \pageref on input line 38.
LaTeX Info: Redefining \nameref on input line 38.
 (Final.out) (Final.out)
\@outlinefile=\write4
\openout4 = `Final.out'.

 ABD: EveryShipout initializing macros

Package todonotes Warning: The length marginparwidth is less than 2cm and will 
most likely cause issues with the appearance of inserted todonotes. The issue c
an be solved by adding a line like \setlength {\marginparwidth }{2cm} prior to 
loading the todonotes package. on input line 38.

Package lastpage Info: Please have a look at the pageslts package at
(lastpage)             https://www.ctan.org/pkg/pageslts
(lastpage)             ! on input line 38.
*geometry* driver: auto-detecting
*geometry* detected driver: pdftex
*geometry* verbose mode - [ preamble ] result:
* driver: pdftex
* paper: a4paper
* layout: <same size as paper>
* layoutoffset:(h,v)=(0.0pt,0.0pt)
* bindingoffset: 18.06749pt
* modes: 
* h-part:(L,W,R)=(36.135pt, 471.0354pt, 72.26999pt)
* v-part:(T,H,B)=(72.26999pt, 700.50687pt, 72.26999pt)
* \paperwidth=597.50787pt
* \paperheight=845.04684pt
* \textwidth=471.0354pt
* \textheight=700.50687pt
* \oddsidemargin=-18.0675pt
* \evensidemargin=-36.135pt
* \topmargin=-37.0pt
* \headheight=12.0pt
* \headsep=40.0pt
* \topskip=12.0pt
* \footskip=18.06749pt
* \marginparwidth=35.0pt
* \marginparsep=10.0pt
* \columnsep=10.0pt
* \skip\footins=10.8pt plus 4.0pt minus 2.0pt
* \hoffset=0.0pt
* \voffset=0.0pt
* \mag=1000
* \@twocolumnfalse
* \@twosidefalse
* \@mparswitchfalse
* \@reversemarginfalse
* (1in=72.27pt=25.4mm, 1cm=28.453pt)


Package scrpage2 Warning: seems you are using a constant headheight.
(scrpage2)                If you get overfull \vbox warnings at almost every
(scrpage2)                page, you should increase headheight e.g. writing
(scrpage2)                 \setlength{\headheight}{1.1\baselineskip}
(scrpage2)                into the preamble of your document.
(scrpage2)                A better solution would be to use typearea package.

(Cover.tex)
<logo.png, id=42, 698.61pt x 584.1825pt>
File: logo.png Graphic file (type png)
<use logo.png>
Package pdftex.def Info: logo.png  used on input line 40.
(pdftex.def)             Requested size: 47.83104pt x 40.0pt.
LaTeX Font Info:    Try loading font information for U+wasy on input line 40.

("C:\Users\kbhan\AppData\Local\Programs\MiKTeX 2.9\tex\latex\wasysym\uwasy.fd"
File: uwasy.fd 2003/10/30 v2.0 Wasy-2 symbol font definitions
)
LaTeX Font Info:    Try loading font information for U+msa on input line 40.
("C:\Users\kbhan\AppData\Local\Programs\MiKTeX 2.9\tex\latex\amsfonts\umsa.fd"
File: umsa.fd 2013/01/14 v3.01 AMS symbols A
)
LaTeX Font Info:    Try loading font information for U+msb on input line 40.
("C:\Users\kbhan\AppData\Local\Programs\MiKTeX 2.9\tex\latex\amsfonts\umsb.fd"
File: umsb.fd 2013/01/14 v3.01 AMS symbols B
)
Overfull \vbox (34.52505pt too high) has occurred while \output is active []


[1

{C:/Users/kbhan/AppData/Local/MiKTeX/2.9/pdftex/config/pdftex.map} <./logo.png>
] (ProjectStatement.tex
\pc@column@1=\box44
\pc@column@width@1=\dimen194
\pc@column@2=\box45
\pc@column@width@2=\dimen195
\pc@column@3=\box46
\pc@column@width@3=\dimen196
Package parcolumns Info: Width of column 1 set to 71.13188pt on input line 2.
Package parcolumns Info: Width of column 2 set to 284.52756pt on input line 2.
Package parcolumns Info: Width of column 3 set to 71.13188pt on input line 2.

Underfull \hbox (badness 10000) in paragraph at lines 4--9

 []


Underfull \hbox (badness 10000) in paragraph at lines 4--9

 []


Underfull \hbox (badness 10000) in paragraph at lines 4--9

 []


Underfull \hbox (badness 10000) in paragraph at lines 4--9

 []


Underfull \hbox (badness 10000) in paragraph at lines 4--9

 []


Underfull \hbox (badness 10000) in paragraph at lines 4--9

 []


Underfull \hbox (badness 10000) in paragraph at lines 4--9

 []


Underfull \hbox (badness 10000) in paragraph at lines 4--9

 []


Underfull \hbox (badness 10000) in paragraph at lines 4--9

 []


Underfull \hbox (badness 10000) in paragraph at lines 4--9

 []


Underfull \hbox (badness 10000) in paragraph at lines 4--9

 []


Underfull \hbox (badness 10000) in paragraph at lines 4--9

 []


Underfull \hbox (badness 10000) in paragraph at lines 4--9

 []


Underfull \hbox (badness 10000) in paragraph at lines 4--9

 []


Underfull \hbox (badness 10000) in paragraph at lines 4--9

 []


Underfull \hbox (badness 10000) in paragraph at lines 4--9

 []


Underfull \hbox (badness 10000) in paragraph at lines 4--9

 []


Underfull \hbox (badness 10000) in paragraph at lines 4--9

 []


Underfull \hbox (badness 10000) in paragraph at lines 4--9

 []


Underfull \hbox (badness 10000) in paragraph at lines 4--9

 []


Underfull \hbox (badness 10000) in paragraph at lines 4--9

 []


Underfull \hbox (badness 10000) in paragraph at lines 4--9

 []


Underfull \hbox (badness 10000) in paragraph at lines 4--9

 []


Underfull \hbox (badness 10000) in paragraph at lines 4--9

 []


Underfull \hbox (badness 10000) in paragraph at lines 4--9

 []


Underfull \hbox (badness 10000) in paragraph at lines 4--9

 []


Underfull \hbox (badness 10000) in paragraph at lines 4--9

 []


Underfull \hbox (badness 10000) in paragraph at lines 4--9

 []


Underfull \hbox (badness 10000) in paragraph at lines 4--9

 []


Underfull \hbox (badness 10000) in paragraph at lines 4--9

 []


Underfull \hbox (badness 10000) in paragraph at lines 4--9

 []


Underfull \hbox (badness 10000) in paragraph at lines 4--9

 []


Underfull \hbox (badness 10000) in paragraph at lines 4--9

 []


Underfull \hbox (badness 10000) in paragraph at lines 4--9

 []


Underfull \hbox (badness 10000) in paragraph at lines 4--9

 []


Underfull \hbox (badness 10000) in paragraph at lines 4--9

 []


Underfull \hbox (badness 10000) in paragraph at lines 4--9

 []


Underfull \hbox (badness 10000) in paragraph at lines 4--9

 []


Underfull \hbox (badness 10000) in paragraph at lines 4--9

 []


Underfull \hbox (badness 10000) in paragraph at lines 4--9

 []


Underfull \hbox (badness 10000) in paragraph at lines 4--9

 []


Underfull \hbox (badness 10000) in paragraph at lines 4--9

 []


Underfull \hbox (badness 10000) in paragraph at lines 4--9

 []


Underfull \hbox (badness 10000) in paragraph at lines 4--9

 []


Underfull \hbox (badness 10000) in paragraph at lines 4--9

 []


Underfull \hbox (badness 10000) in paragraph at lines 4--9

 []


Underfull \hbox (badness 10000) in paragraph at lines 4--9

 []


Overfull \hbox (1.9973pt too wide) in paragraph at lines 4--9
\OT1/cmr/bx/n/12 Aspects cov-
 []


Underfull \hbox (badness 10000) in paragraph at lines 4--9

 []


Underfull \hbox (badness 10000) in paragraph at lines 4--9

 []


Underfull \hbox (badness 10000) in paragraph at lines 4--9

 []


Underfull \hbox (badness 10000) in paragraph at lines 4--9

 []


Underfull \hbox (badness 10000) in paragraph at lines 4--9

 []


Underfull \hbox (badness 10000) in paragraph at lines 4--9

 []


Underfull \hbox (badness 10000) in paragraph at lines 4--9

 []


Underfull \hbox (badness 10000) in paragraph at lines 4--9

 []


Underfull \hbox (badness 10000) in paragraph at lines 4--9

 []


Underfull \hbox (badness 10000) in paragraph at lines 4--9

 []


Underfull \hbox (badness 10000) in paragraph at lines 4--9

 []


Underfull \hbox (badness 10000) in paragraph at lines 4--9

 []


Underfull \hbox (badness 10000) in paragraph at lines 4--9

 []


Overfull \hbox (16.60284pt too wide) in paragraph at lines 4--9
\OT1/cmr/bx/n/12 References and
 []


Overfull \hbox (4.17232pt too wide) in paragraph at lines 4--9
\OT1/cmr/bx/n/12 In-for-ma-tions 
 []


Underfull \hbox (badness 10000) in paragraph at lines 11--16

 []


Underfull \hbox (badness 10000) in paragraph at lines 11--16

 []


Overfull \hbox (1.5778pt too wide) in paragraph at lines 11--16
\OT1/cmr/m/n/12 It's a well-established prob-lem for the in-dus-try, and there
 []


Underfull \hbox (badness 10000) in paragraph at lines 11--16

 []


Underfull \hbox (badness 10000) in paragraph at lines 11--16

 []

LaTeX Font Info:    Try loading font information for OMS+cmr on input line 17.
("C:\Users\kbhan\AppData\Local\Programs\MiKTeX 2.9\tex\latex\base\omscmr.fd"
File: omscmr.fd 2014/09/29 v2.5h Standard LaTeX font definitions
)
LaTeX Font Info:    Font shape `OMS/cmr/m/n' in size <12> not available
(Font)              Font shape `OMS/cmsy/m/n' tried instead on input line 17.

Overfull \hbox (1.3641pt too wide) in paragraph at lines 17--18
\U/eurosym/m/n/12 e\OT1/cmr/m/n/12 over 10 years: in-clud-ing in-vest-ment, mai
n-te-nance
 []


Underfull \hbox (badness 10000) in paragraph at lines 21--23

 []


Underfull \hbox (badness 10000) in paragraph at lines 30--32

 []


Underfull \hbox (badness 10000) in paragraph at lines 38--39

 []


Underfull \hbox (badness 10000) in paragraph at lines 38--39

 []


Overfull \hbox (16.1815pt too wide) in paragraph at lines 38--39
\OT1/cmr/m/n/12 1 Source: []$\OT1/cmtt/m/n/12 https :
 []


Overfull \hbox (21.99316pt too wide) in paragraph at lines 38--39
\OT1/cmtt/m/n/12 / / strom-[]report .
 []

File: logo.png Graphic file (type png)
<use logo.png>
Package pdftex.def Info: logo.png  used on input line 41.
(pdftex.def)             Requested size: 47.83104pt x 40.0pt.

Overfull \vbox (34.52505pt too high) has occurred while \output is active []


[2]
File: logo.png Graphic file (type png)
<use logo.png>
Package pdftex.def Info: logo.png  used on input line 41.
(pdftex.def)             Requested size: 47.83104pt x 40.0pt.

Overfull \vbox (34.52505pt too high) has occurred while \output is active []


[3])
File: logo.png Graphic file (type png)
<use logo.png>
Package pdftex.def Info: logo.png  used on input line 43.
(pdftex.def)             Requested size: 47.83104pt x 40.0pt.

Overfull \vbox (34.52505pt too high) has occurred while \output is active []


[4] (ExecutiveSummary.tex)
File: logo.png Graphic file (type png)
<use logo.png>
Package pdftex.def Info: logo.png  used on input line 45.
(pdftex.def)             Requested size: 47.83104pt x 40.0pt.

Overfull \vbox (34.52505pt too high) has occurred while \output is active []


[5] (Final.toc)
\tf@toc=\write5
\openout5 = `Final.toc'.

File: logo.png Graphic file (type png)
<use logo.png>
Package pdftex.def Info: logo.png  used on input line 48.
(pdftex.def)             Requested size: 47.83104pt x 40.0pt.

Overfull \vbox (34.52505pt too high) has occurred while \output is active []


[6

] (V2G_Kai.tex
File: logo.png Graphic file (type png)
<use logo.png>
Package pdftex.def Info: logo.png  used on input line 1.
(pdftex.def)             Requested size: 47.83104pt x 40.0pt.

Overfull \vbox (34.52505pt too high) has occurred while \output is active []


[7

]
Package parcolumns Info: Width of column 1 set to 71.13188pt on input line 3.
Package parcolumns Info: Width of column 2 set to 284.52756pt on input line 3.
Package parcolumns Info: Width of column 3 set to 71.13188pt on input line 3.

Underfull \hbox (badness 10000) in paragraph at lines 5--11

 []


Underfull \hbox (badness 10000) in paragraph at lines 5--11

 []


Underfull \hbox (badness 10000) in paragraph at lines 5--11

 []


Underfull \hbox (badness 10000) in paragraph at lines 5--11

 []


Underfull \hbox (badness 10000) in paragraph at lines 5--11

 []


Underfull \hbox (badness 10000) in paragraph at lines 5--11

 []


Underfull \hbox (badness 10000) in paragraph at lines 5--11

 []


Underfull \hbox (badness 10000) in paragraph at lines 5--11

 []


Underfull \hbox (badness 10000) in paragraph at lines 5--11

 []


Underfull \hbox (badness 10000) in paragraph at lines 5--11

 []


Underfull \hbox (badness 10000) in paragraph at lines 5--11

 []


Underfull \hbox (badness 10000) in paragraph at lines 5--11

 []


Underfull \hbox (badness 10000) in paragraph at lines 5--11

 []


Underfull \hbox (badness 10000) in paragraph at lines 5--11

 []


Underfull \hbox (badness 10000) in paragraph at lines 5--11

 []


Underfull \hbox (badness 10000) in paragraph at lines 5--11

 []


Underfull \hbox (badness 10000) in paragraph at lines 5--11

 []


Underfull \hbox (badness 10000) in paragraph at lines 5--11

 []


Underfull \hbox (badness 10000) in paragraph at lines 5--11

 []


Underfull \hbox (badness 10000) in paragraph at lines 5--11

 []


Underfull \hbox (badness 10000) in paragraph at lines 5--11

 []


Underfull \hbox (badness 10000) in paragraph at lines 5--11

 []


Underfull \hbox (badness 10000) in paragraph at lines 5--11

 []


Underfull \hbox (badness 10000) in paragraph at lines 5--11

 []


Underfull \hbox (badness 10000) in paragraph at lines 5--11

 []


Underfull \hbox (badness 10000) in paragraph at lines 5--11

 []


Underfull \hbox (badness 10000) in paragraph at lines 5--11

 []


Underfull \hbox (badness 10000) in paragraph at lines 5--11

 []


Underfull \hbox (badness 10000) in paragraph at lines 5--11

 []


Underfull \hbox (badness 10000) in paragraph at lines 5--11

 []


Underfull \hbox (badness 10000) in paragraph at lines 5--11

 []


Underfull \hbox (badness 10000) in paragraph at lines 5--11

 []


Underfull \hbox (badness 10000) in paragraph at lines 5--11

 []


Underfull \hbox (badness 10000) in paragraph at lines 5--11

 []


Underfull \hbox (badness 10000) in paragraph at lines 5--11

 []


Underfull \hbox (badness 10000) in paragraph at lines 5--11

 []


Underfull \hbox (badness 10000) in paragraph at lines 5--11

 []


Underfull \hbox (badness 10000) in paragraph at lines 5--11

 []


Underfull \hbox (badness 10000) in paragraph at lines 5--11

 []


Underfull \hbox (badness 10000) in paragraph at lines 5--11

 []


Underfull \hbox (badness 10000) in paragraph at lines 5--11

 []


Underfull \hbox (badness 10000) in paragraph at lines 5--11

 []


Underfull \hbox (badness 10000) in paragraph at lines 5--11

 []


Underfull \hbox (badness 10000) in paragraph at lines 5--11

 []


Underfull \hbox (badness 10000) in paragraph at lines 5--11

 []


Underfull \hbox (badness 10000) in paragraph at lines 5--11

 []


Underfull \hbox (badness 10000) in paragraph at lines 5--11

 []


Underfull \hbox (badness 10000) in paragraph at lines 5--11

 []


Underfull \hbox (badness 10000) in paragraph at lines 5--11

 []


Underfull \hbox (badness 10000) in paragraph at lines 5--11

 []


Underfull \hbox (badness 10000) in paragraph at lines 5--11

 []


Underfull \hbox (badness 10000) in paragraph at lines 5--11

 []


Underfull \hbox (badness 10000) in paragraph at lines 5--11

 []


Underfull \hbox (badness 10000) in paragraph at lines 5--11

 []


Underfull \hbox (badness 10000) in paragraph at lines 5--11

 []


Underfull \hbox (badness 10000) in paragraph at lines 5--11

 []


Underfull \hbox (badness 10000) in paragraph at lines 5--11

 []


Underfull \hbox (badness 10000) in paragraph at lines 5--11

 []


Underfull \hbox (badness 10000) in paragraph at lines 5--11

 []


Underfull \hbox (badness 10000) in paragraph at lines 5--11

 []


Underfull \hbox (badness 10000) in paragraph at lines 5--11

 []


Underfull \hbox (badness 10000) in paragraph at lines 5--11

 []


Underfull \hbox (badness 10000) in paragraph at lines 5--11

 []


Underfull \hbox (badness 10000) in paragraph at lines 5--11

 []


Underfull \hbox (badness 10000) in paragraph at lines 5--11

 []


Underfull \hbox (badness 10000) in paragraph at lines 5--11

 []


Underfull \hbox (badness 10000) in paragraph at lines 5--11

 []


Underfull \hbox (badness 10000) in paragraph at lines 5--11

 []


Underfull \hbox (badness 10000) in paragraph at lines 5--11

 []


Underfull \hbox (badness 10000) in paragraph at lines 5--11

 []


Underfull \hbox (badness 10000) in paragraph at lines 5--11

 []


Underfull \hbox (badness 10000) in paragraph at lines 5--11

 []


Underfull \hbox (badness 10000) in paragraph at lines 5--11

 []


Underfull \hbox (badness 10000) in paragraph at lines 5--11

 []


Underfull \hbox (badness 10000) in paragraph at lines 5--11

 []


Underfull \hbox (badness 10000) in paragraph at lines 5--11

 []


Underfull \hbox (badness 10000) in paragraph at lines 5--11

 []


Underfull \hbox (badness 10000) in paragraph at lines 5--11

 []


Underfull \hbox (badness 10000) in paragraph at lines 5--11

 []


Underfull \hbox (badness 10000) in paragraph at lines 5--11

 []


Underfull \hbox (badness 10000) in paragraph at lines 5--11

 []


Underfull \hbox (badness 10000) in paragraph at lines 5--11

 []


Underfull \hbox (badness 10000) in paragraph at lines 5--11

 []


Underfull \hbox (badness 10000) in paragraph at lines 5--11

 []


Underfull \hbox (badness 10000) in paragraph at lines 5--11

 []


Underfull \hbox (badness 10000) in paragraph at lines 5--11

 []


Underfull \hbox (badness 10000) in paragraph at lines 5--11

 []


Underfull \hbox (badness 10000) in paragraph at lines 5--11

 []


Underfull \hbox (badness 10000) in paragraph at lines 5--11

 []


Underfull \hbox (badness 10000) in paragraph at lines 5--11

 []


Underfull \hbox (badness 10000) in paragraph at lines 5--11

 []


Underfull \hbox (badness 10000) in paragraph at lines 5--11

 []


Underfull \hbox (badness 10000) in paragraph at lines 5--11

 []


Underfull \hbox (badness 10000) in paragraph at lines 5--11

 []


Underfull \hbox (badness 10000) in paragraph at lines 5--11

 []


Underfull \hbox (badness 10000) in paragraph at lines 5--11

 []


Underfull \hbox (badness 10000) in paragraph at lines 5--11

 []


Underfull \hbox (badness 10000) in paragraph at lines 5--11

 []


Underfull \hbox (badness 10000) in paragraph at lines 5--11

 []


Underfull \hbox (badness 10000) in paragraph at lines 5--11

 []


Underfull \hbox (badness 10000) in paragraph at lines 5--11

 []


Underfull \hbox (badness 10000) in paragraph at lines 5--11

 []


Underfull \hbox (badness 10000) in paragraph at lines 5--11

 []


Underfull \hbox (badness 10000) in paragraph at lines 5--11

 []


Underfull \hbox (badness 10000) in paragraph at lines 5--11

 []


Underfull \hbox (badness 10000) in paragraph at lines 5--11

 []


Underfull \hbox (badness 10000) in paragraph at lines 5--11

 []


Underfull \hbox (badness 10000) in paragraph at lines 5--11

 []


Underfull \hbox (badness 10000) in paragraph at lines 5--11

 []


Underfull \hbox (badness 10000) in paragraph at lines 5--11

 []


Underfull \hbox (badness 10000) in paragraph at lines 5--11

 []


Underfull \hbox (badness 10000) in paragraph at lines 5--11

 []


Underfull \hbox (badness 10000) in paragraph at lines 5--11

 []


Underfull \hbox (badness 10000) in paragraph at lines 5--11

 []


Overfull \hbox (11.56253pt too wide) in paragraph at lines 5--11
\OT1/cmr/bx/n/12 Technical Fea-
 []


Underfull \hbox (badness 10000) in paragraph at lines 5--11

 []


Underfull \hbox (badness 10000) in paragraph at lines 5--11

 []


Underfull \hbox (badness 10000) in paragraph at lines 5--11

 []


Underfull \hbox (badness 10000) in paragraph at lines 5--11

 []


Underfull \hbox (badness 10000) in paragraph at lines 5--11

 []


Underfull \hbox (badness 10000) in paragraph at lines 5--11

 []


Underfull \hbox (badness 10000) in paragraph at lines 5--11

 []


Underfull \hbox (badness 10000) in paragraph at lines 5--11

 []


Underfull \hbox (badness 10000) in paragraph at lines 5--11

 []


Underfull \hbox (badness 10000) in paragraph at lines 5--11

 []


Underfull \hbox (badness 10000) in paragraph at lines 5--11

 []


Underfull \hbox (badness 10000) in paragraph at lines 5--11

 []


Underfull \hbox (badness 10000) in paragraph at lines 5--11

 []


Underfull \hbox (badness 10000) in paragraph at lines 5--11

 []


Underfull \hbox (badness 10000) in paragraph at lines 5--11

 []


Underfull \hbox (badness 10000) in paragraph at lines 5--11

 []


Underfull \hbox (badness 10000) in paragraph at lines 5--11

 []


Underfull \hbox (badness 10000) in paragraph at lines 5--11

 []


Underfull \hbox (badness 10000) in paragraph at lines 5--11

 []


Underfull \hbox (badness 10000) in paragraph at lines 5--11

 []


Underfull \hbox (badness 10000) in paragraph at lines 5--11

 []


Underfull \hbox (badness 10000) in paragraph at lines 5--11

 []


Underfull \hbox (badness 10000) in paragraph at lines 5--11

 []


Underfull \hbox (badness 10000) in paragraph at lines 5--11

 []


Underfull \hbox (badness 10000) in paragraph at lines 5--11

 []


Underfull \hbox (badness 10000) in paragraph at lines 5--11

 []


Underfull \hbox (badness 10000) in paragraph at lines 5--11

 []


Underfull \hbox (badness 10000) in paragraph at lines 5--11

 []


Underfull \hbox (badness 10000) in paragraph at lines 5--11

 []


Overfull \hbox (17.25563pt too wide) in paragraph at lines 5--11
\OT1/cmr/bx/n/12 Substainability 
 []


Underfull \hbox (badness 10000) in paragraph at lines 5--11

 []


Underfull \hbox (badness 10000) in paragraph at lines 5--11

 []


Underfull \hbox (badness 10000) in paragraph at lines 5--11

 []


Underfull \hbox (badness 10000) in paragraph at lines 5--11

 []


Underfull \hbox (badness 10000) in paragraph at lines 5--11

 []


Underfull \hbox (badness 10000) in paragraph at lines 5--11

 []


Underfull \hbox (badness 10000) in paragraph at lines 5--11

 []


Underfull \hbox (badness 10000) in paragraph at lines 5--11

 []


Underfull \hbox (badness 10000) in paragraph at lines 5--11

 []


Underfull \hbox (badness 10000) in paragraph at lines 5--11

 []


Underfull \hbox (badness 10000) in paragraph at lines 5--11

 []


Underfull \hbox (badness 10000) in paragraph at lines 5--11

 []


Underfull \hbox (badness 10000) in paragraph at lines 5--11

 []


Underfull \hbox (badness 10000) in paragraph at lines 5--11

 []


Underfull \hbox (badness 10000) in paragraph at lines 5--11

 []


Underfull \hbox (badness 10000) in paragraph at lines 5--11

 []


Underfull \hbox (badness 10000) in paragraph at lines 5--11

 []


Underfull \hbox (badness 10000) in paragraph at lines 5--11

 []


Underfull \hbox (badness 10000) in paragraph at lines 5--11

 []


Underfull \hbox (badness 10000) in paragraph at lines 5--11

 []


Underfull \hbox (badness 10000) in paragraph at lines 5--11

 []


Underfull \hbox (badness 10000) in paragraph at lines 5--11

 []


Overfull \hbox (14.52647pt too wide) in paragraph at lines 5--11
\OT1/cmr/bx/n/12 Personal Com-
 []


Underfull \hbox (badness 10000) in paragraph at lines 13--66

 []


Underfull \hbox (badness 10000) in paragraph at lines 13--66

 []


Underfull \hbox (badness 10000) in paragraph at lines 13--66

 []


Underfull \hbox (badness 10000) in paragraph at lines 13--66

 []


Underfull \hbox (badness 10000) in paragraph at lines 13--66

 []


Underfull \hbox (badness 10000) in paragraph at lines 13--66

 []


Underfull \hbox (badness 10000) in paragraph at lines 13--66

 []


Underfull \hbox (badness 10000) in paragraph at lines 13--66

 []


Underfull \hbox (badness 10000) in paragraph at lines 13--66

 []


Underfull \hbox (badness 10000) in paragraph at lines 13--66

 []


Underfull \hbox (badness 10000) in paragraph at lines 68--73

 []


Overfull \hbox (8.55676pt too wide) in paragraph at lines 68--73
[]$\OT1/cmtt/m/n/6 https : / / en . wikipedia . org /
 []


Underfull \hbox (badness 10000) in paragraph at lines 68--73

 []


Underfull \hbox (badness 10000) in paragraph at lines 68--73

 []


Underfull \hbox (badness 10000) in paragraph at lines 68--73

 []


Underfull \hbox (badness 10000) in paragraph at lines 68--73

 []


Underfull \hbox (badness 10000) in paragraph at lines 68--73

 []


Underfull \hbox (badness 10000) in paragraph at lines 68--73

 []


Underfull \hbox (badness 10000) in paragraph at lines 68--73

 []


Underfull \hbox (badness 10000) in paragraph at lines 68--73

 []


Underfull \hbox (badness 10000) in paragraph at lines 68--73

 []


Underfull \hbox (badness 10000) in paragraph at lines 68--73

 []


Overfull \hbox (14.93185pt too wide) in paragraph at lines 68--73
[]$\OT1/cmtt/m/n/6 https : / / www . isi . fraunhofer .
 []


Overfull \hbox (21.30695pt too wide) in paragraph at lines 68--73
\OT1/cmtt/m/n/6 de / content / dam / isi / dokumente /
 []


Overfull \hbox (12.24431pt too wide) in paragraph at lines 68--73
\OT1/cmtt/m/n/6 sustainability-[]innovation /
 []


Overfull \hbox (19.1194pt too wide) in paragraph at lines 68--73
\OT1/cmtt/m/n/6 2010 / WP4-[]2010 _ V2G-[]Valuation .
 []


Underfull \hbox (badness 10000) in paragraph at lines 68--73

 []


Overfull \hbox (21.80695pt too wide) in paragraph at lines 68--73
[]$\OT1/cmtt/m/n/6 https : / / www . erneuerbar-[]mobil .
 []


Overfull \hbox (2.18167pt too wide) in paragraph at lines 68--73
\OT1/cmtt/m/n/6 de / sites / default / files /
 []


Overfull \hbox (25.49449pt too wide) in paragraph at lines 68--73
\OT1/cmtt/m/n/6 publications / anhang-[]optum-[]ap6 _
 []


Underfull \hbox (badness 10000) in paragraph at lines 68--73

 []


Underfull \hbox (badness 10000) in paragraph at lines 68--73

 []


Underfull \hbox (badness 10000) in paragraph at lines 68--73

 []


Underfull \hbox (badness 10000) in paragraph at lines 68--73

 []


Underfull \hbox (badness 10000) in paragraph at lines 68--73

 []


Overfull \hbox (14.93185pt too wide) in paragraph at lines 68--73
[]$\OT1/cmtt/m/n/6 https : / / www . bdew . de / presse /
 []


Overfull \hbox (129.49596pt too wide) in paragraph at lines 68--73
\OT1/cmtt/m/n/6 presseinformationen / zahl-[]der-[]woche-[]gut-[]32-[]mrd-[]kil
owattstunden/$[] 
 []


Underfull \hbox (badness 10000) in paragraph at lines 68--73

 []


Underfull \hbox (badness 10000) in paragraph at lines 68--73

 []


Underfull \hbox (badness 10000) in paragraph at lines 68--73

 []


Underfull \hbox (badness 10000) in paragraph at lines 68--73

 []


Underfull \hbox (badness 10000) in paragraph at lines 68--73

 []


Underfull \hbox (badness 10000) in paragraph at lines 68--73

 []


Underfull \hbox (badness 10000) in paragraph at lines 68--73

 []


Underfull \hbox (badness 10000) in paragraph at lines 68--73

 []


Underfull \hbox (badness 10000) in paragraph at lines 68--73

 []


Underfull \hbox (badness 10000) in paragraph at lines 68--73

 []


Underfull \hbox (badness 10000) in paragraph at lines 68--73

 []


Underfull \hbox (badness 10000) in paragraph at lines 68--73

 []


Underfull \hbox (badness 10000) in paragraph at lines 68--73

 []


Underfull \hbox (badness 10000) in paragraph at lines 68--73

 []


Underfull \hbox (badness 10000) in paragraph at lines 68--73

 []


Underfull \hbox (badness 10000) in paragraph at lines 68--73

 []


Underfull \hbox (badness 10000) in paragraph at lines 68--73

 []


Underfull \hbox (badness 10000) in paragraph at lines 68--73

 []


Underfull \hbox (badness 10000) in paragraph at lines 68--73

 []


Underfull \hbox (badness 10000) in paragraph at lines 68--73

 []


Underfull \hbox (badness 10000) in paragraph at lines 68--73

 []


Underfull \hbox (badness 10000) in paragraph at lines 68--73

 []


Underfull \hbox (badness 10000) in paragraph at lines 68--73

 []


Underfull \hbox (badness 10000) in paragraph at lines 68--73

 []


Underfull \hbox (badness 10000) in paragraph at lines 68--73

 []


Underfull \hbox (badness 10000) in paragraph at lines 68--73

 []


Underfull \hbox (badness 10000) in paragraph at lines 68--73

 []


Underfull \hbox (badness 10000) in paragraph at lines 68--73

 []


Underfull \hbox (badness 10000) in paragraph at lines 68--73

 []


Underfull \hbox (badness 10000) in paragraph at lines 68--73

 []


Overfull \hbox (30.86958pt too wide) in paragraph at lines 68--73
[]$\OT1/cmtt/m/n/6 https : / / www . kba . de / DE / Statistik /
 []


Overfull \hbox (34.05713pt too wide) in paragraph at lines 68--73
\OT1/cmtt/m/n/6 Fahrzeuge / Bestand / b _ jahresbilanz .
 []


Underfull \hbox (badness 10000) in paragraph at lines 68--73

 []


Underfull \hbox (badness 10000) in paragraph at lines 68--73

 []


Underfull \hbox (badness 10000) in paragraph at lines 68--73

 []


Overfull \hbox (14.93185pt too wide) in paragraph at lines 68--73
[]$\OT1/cmtt/m/n/6 https : / / www . isi . fraunhofer .
 []


Overfull \hbox (21.30695pt too wide) in paragraph at lines 68--73
\OT1/cmtt/m/n/6 de / content / dam / isi / dokumente /
 []


Overfull \hbox (12.24431pt too wide) in paragraph at lines 68--73
\OT1/cmtt/m/n/6 sustainability-[]innovation /
 []


Overfull \hbox (19.1194pt too wide) in paragraph at lines 68--73
\OT1/cmtt/m/n/6 2010 / WP4-[]2010 _ V2G-[]Valuation .
 []


Underfull \hbox (badness 10000) in paragraph at lines 68--73

 []


Underfull \hbox (badness 10000) in paragraph at lines 68--73

 []


Underfull \hbox (badness 10000) in paragraph at lines 68--73

 []


Underfull \hbox (badness 10000) in paragraph at lines 68--73

 []


Underfull \hbox (badness 10000) in paragraph at lines 68--73

 []


Underfull \hbox (badness 10000) in paragraph at lines 68--73

 []


Underfull \hbox (badness 10000) in paragraph at lines 68--73

 []


Underfull \hbox (badness 10000) in paragraph at lines 68--73

 []


Underfull \hbox (badness 10000) in paragraph at lines 68--73

 []


Underfull \hbox (badness 10000) in paragraph at lines 68--73

 []


Underfull \hbox (badness 10000) in paragraph at lines 68--73

 []


Underfull \hbox (badness 10000) in paragraph at lines 68--73

 []


Underfull \hbox (badness 10000) in paragraph at lines 68--73

 []


Underfull \hbox (badness 10000) in paragraph at lines 68--73

 []


Underfull \hbox (badness 10000) in paragraph at lines 68--73

 []


Underfull \hbox (badness 10000) in paragraph at lines 68--73

 []


Underfull \hbox (badness 10000) in paragraph at lines 68--73

 []


Underfull \hbox (badness 10000) in paragraph at lines 68--73

 []


Underfull \hbox (badness 10000) in paragraph at lines 68--73

 []


Underfull \hbox (badness 10000) in paragraph at lines 68--73

 []


Underfull \hbox (badness 10000) in paragraph at lines 68--73

 []


Underfull \hbox (badness 10000) in paragraph at lines 68--73

 []


Overfull \hbox (5.36922pt too wide) in paragraph at lines 68--73
[]$\OT1/cmtt/m/n/6 https : / / de . statista . com /
 []


Overfull \hbox (2.18167pt too wide) in paragraph at lines 68--73
\OT1/cmtt/m/n/6 statistik / daten / studie /
 []


Overfull \hbox (160.87141pt too wide) in paragraph at lines 68--73
\OT1/cmtt/m/n/6 460234 / umfrage / ladestationen-[]fuer-[]elektroautos-[]in-[]d
eutschland-[]monatlich/$[] 
 []


Underfull \hbox (badness 10000) in paragraph at lines 68--73

 []


Overfull \hbox (30.86958pt too wide) in paragraph at lines 68--73
[]$\OT1/cmtt/m/n/6 https : / / www . kba . de / DE / Statistik /
 []


Overfull \hbox (34.05713pt too wide) in paragraph at lines 68--73
\OT1/cmtt/m/n/6 Fahrzeuge / Bestand / b _ jahresbilanz .
 []


Underfull \hbox (badness 10000) in paragraph at lines 68--73

 []


Underfull \hbox (badness 10000) in paragraph at lines 68--73

 []


Underfull \hbox (badness 10000) in paragraph at lines 68--73

 []


Underfull \hbox (badness 10000) in paragraph at lines 68--73

 []


Overfull \hbox (8.55676pt too wide) in paragraph at lines 68--73
[]$\OT1/cmtt/m/n/6 https : / / www . volkswagenag .
 []


Overfull \hbox (34.55713pt too wide) in paragraph at lines 68--73
\OT1/cmtt/m/n/6 com / presence / konzern / group-[]fleet /
 []


Overfull \hbox (24.49449pt too wide) in paragraph at lines 68--73
\OT1/cmtt/m/n/6 dokumente / Compendium _ Electric _
 []


Overfull \hbox (2.18167pt too wide) in paragraph at lines 68--73
\OT1/cmtt/m/n/6 charging _ for _ fleets _ DE .
 []


Underfull \hbox (badness 10000) in paragraph at lines 68--73

 []


Underfull \hbox (badness 10000) in paragraph at lines 68--73

 []


Underfull \hbox (badness 10000) in paragraph at lines 68--73

 []


Underfull \hbox (badness 10000) in paragraph at lines 68--73

 []


Underfull \hbox (badness 10000) in paragraph at lines 68--73

 []


Underfull \hbox (badness 10000) in paragraph at lines 68--73

 []


Underfull \hbox (badness 10000) in paragraph at lines 68--73

 []


Underfull \hbox (badness 10000) in paragraph at lines 68--73

 []


Underfull \hbox (badness 10000) in paragraph at lines 68--73

 []


Underfull \hbox (badness 10000) in paragraph at lines 68--73

 []


Underfull \hbox (badness 10000) in paragraph at lines 68--73

 []


Overfull \hbox (8.55676pt too wide) in paragraph at lines 68--73
[]$\OT1/cmtt/m/n/6 https : / / en . wikipedia . org /
 []


Overfull \hbox (2.18167pt too wide) in paragraph at lines 68--73
\OT1/cmtt/m/n/6 wiki / Tesla _ Supercharger$[] 
 []


Underfull \hbox (badness 10000) in paragraph at lines 68--73

 []


Underfull \hbox (badness 10000) in paragraph at lines 68--73

 []


Underfull \hbox (badness 10000) in paragraph at lines 68--73

 []


Underfull \hbox (badness 10000) in paragraph at lines 68--73

 []


Underfull \hbox (badness 10000) in paragraph at lines 68--73

 []


Underfull \hbox (badness 10000) in paragraph at lines 68--73

 []


Underfull \hbox (badness 10000) in paragraph at lines 68--73

 []


Underfull \hbox (badness 10000) in paragraph at lines 68--73

 []


Underfull \hbox (badness 10000) in paragraph at lines 68--73

 []


Underfull \hbox (badness 10000) in paragraph at lines 68--73

 []


Underfull \hbox (badness 10000) in paragraph at lines 68--73

 []


Underfull \hbox (badness 10000) in paragraph at lines 68--73

 []


Underfull \hbox (badness 10000) in paragraph at lines 68--73

 []


Underfull \hbox (badness 10000) in paragraph at lines 68--73

 []


Underfull \hbox (badness 10000) in paragraph at lines 68--73

 []


Underfull \hbox (badness 10000) in paragraph at lines 68--73

 []


Underfull \hbox (badness 10000) in paragraph at lines 68--73

 []


Underfull \hbox (badness 10000) in paragraph at lines 68--73

 []


Underfull \hbox (badness 10000) in paragraph at lines 68--73

 []


Overfull \hbox (11.74431pt too wide) in paragraph at lines 68--73
[]$\OT1/cmtt/m/n/6 https : / / backend . orbit . dtu .
 []


Overfull \hbox (8.55676pt too wide) in paragraph at lines 68--73
\OT1/cmtt/m/n/6 dk / ws / portalfiles / portal /
 []


Overfull \hbox (14.93185pt too wide) in paragraph at lines 68--73
\OT1/cmtt/m/n/6 137328554 / efficiency _ paper .
 []


Underfull \hbox (badness 10000) in paragraph at lines 68--73

 []


Underfull \hbox (badness 10000) in paragraph at lines 68--73

 []


Underfull \hbox (badness 10000) in paragraph at lines 68--73

 []


Underfull \hbox (badness 10000) in paragraph at lines 68--73

 []


Underfull \hbox (badness 10000) in paragraph at lines 68--73

 []


Underfull \hbox (badness 10000) in paragraph at lines 68--73

 []


Underfull \hbox (badness 10000) in paragraph at lines 68--73

 []


Underfull \hbox (badness 10000) in paragraph at lines 68--73

 []


Underfull \hbox (badness 10000) in paragraph at lines 68--73

 []


Underfull \hbox (badness 10000) in paragraph at lines 68--73

 []


Underfull \hbox (badness 10000) in paragraph at lines 68--73

 []


Underfull \hbox (badness 10000) in paragraph at lines 68--73

 []


Underfull \hbox (badness 10000) in paragraph at lines 68--73

 []


Overfull \hbox (24.49449pt too wide) in paragraph at lines 68--73
[]$\OT1/cmtt/m/n/6 https : / / www . bmwi . de / Redaktion /
 []


Overfull \hbox (172.6216pt too wide) in paragraph at lines 68--73
\OT1/cmtt/m/n/6 DE / Downloads / V / verordnung-[]ladeeinrichtungen-[]elektromo
bile-[]kabinettbeschluss .
 []


Overfull \hbox (14.93185pt too wide) in paragraph at lines 68--73
\OT1/cmtt/m/n/6 pdf ? _ _ blob = publicationFile &
 []

File: logo.png Graphic file (type png)
<use logo.png>
Package pdftex.def Info: logo.png  used on input line 74.
(pdftex.def)             Requested size: 47.83104pt x 40.0pt.

Overfull \vbox (34.52505pt too high) has occurred while \output is active []


[8]
File: logo.png Graphic file (type png)
<use logo.png>
Package pdftex.def Info: logo.png  used on input line 74.
(pdftex.def)             Requested size: 47.83104pt x 40.0pt.

Overfull \vbox (34.52505pt too high) has occurred while \output is active []


[9]
File: logo.png Graphic file (type png)
<use logo.png>
Package pdftex.def Info: logo.png  used on input line 74.
(pdftex.def)             Requested size: 47.83104pt x 40.0pt.

Overfull \vbox (34.52505pt too high) has occurred while \output is active []


[10]
File: logo.png Graphic file (type png)
<use logo.png>
Package pdftex.def Info: logo.png  used on input line 74.
(pdftex.def)             Requested size: 47.83104pt x 40.0pt.

Overfull \vbox (34.52505pt too high) has occurred while \output is active []


[11]
File: logo.png Graphic file (type png)
<use logo.png>
Package pdftex.def Info: logo.png  used on input line 74.
(pdftex.def)             Requested size: 47.83104pt x 40.0pt.

Overfull \vbox (34.52505pt too high) has occurred while \output is active []


[12]
File: logo.png Graphic file (type png)
<use logo.png>
Package pdftex.def Info: logo.png  used on input line 77.
(pdftex.def)             Requested size: 47.83104pt x 40.0pt.

Overfull \vbox (34.52505pt too high) has occurred while \output is active []


[13])
File: logo.png Graphic file (type png)
<use logo.png>
Package pdftex.def Info: logo.png  used on input line 53.
(pdftex.def)             Requested size: 47.83104pt x 40.0pt.

Overfull \vbox (34.52505pt too high) has occurred while \output is active []


[14] (AnalysisSummary.tex)
File: logo.png Graphic file (type png)
<use logo.png>
Package pdftex.def Info: logo.png  used on input line 55.
(pdftex.def)             Requested size: 47.83104pt x 40.0pt.

Overfull \vbox (34.52505pt too high) has occurred while \output is active []


[15

] (Resources.tex)
File: logo.png Graphic file (type png)
<use logo.png>
Package pdftex.def Info: logo.png  used on input line 57.
(pdftex.def)             Requested size: 47.83104pt x 40.0pt.

Overfull \vbox (34.52505pt too high) has occurred while \output is active []


[16

] (Glosary.tex)
File: logo.png Graphic file (type png)
<use logo.png>
Package pdftex.def Info: logo.png  used on input line 59.
(pdftex.def)             Requested size: 47.83104pt x 40.0pt.

Overfull \vbox (34.52505pt too high) has occurred while \output is active []


[17

] (Evaluation.tex)
File: logo.png Graphic file (type png)
<use logo.png>
Package pdftex.def Info: logo.png  used on input line 61.
(pdftex.def)             Requested size: 47.83104pt x 40.0pt.

Overfull \vbox (34.52505pt too high) has occurred while \output is active []


[18

] (ReferenceList.tex)
File: logo.png Graphic file (type png)
<use logo.png>
Package pdftex.def Info: logo.png  used on input line 63.
(pdftex.def)             Requested size: 47.83104pt x 40.0pt.

Overfull \vbox (34.52505pt too high) has occurred while \output is active []


[19

] (Presentation.tex)
File: logo.png Graphic file (type png)
<use logo.png>
Package pdftex.def Info: logo.png  used on input line 65.
(pdftex.def)             Requested size: 47.83104pt x 40.0pt.

Overfull \vbox (34.52505pt too high) has occurred while \output is active []


[20

] 
AED: lastpage setting LastPage
Package atveryend Info: Empty hook `BeforeClearDocument' on input line 66.
Package atveryend Info: Empty hook `AfterLastShipout' on input line 66.
(Final.aux)
Package atveryend Info: Executing hook `AtVeryEndDocument' on input line 66.
Package atveryend Info: Executing hook `AtEndAfterFileList' on input line 66.
Package rerunfilecheck Info: File `Final.out' has not changed.
(rerunfilecheck)             Checksum: 7980A12FC478C33BB3C2FB8DEC9BB9F7;213.
Package atveryend Info: Empty hook `AtVeryVeryEnd' on input line 66.
 ) 
Here is how much of TeX's memory you used:
 18528 strings out of 492969
 348965 string characters out of 3126585
 461374 words of memory out of 3000000
 21969 multiletter control sequences out of 15000+200000
 12109 words of font info for 48 fonts, out of 3000000 for 9000
 1141 hyphenation exceptions out of 8191
 62i,15n,81p,1219b,478s stack positions out of 5000i,500n,10000p,200000b,50000s
pdfTeX warning (dest): name{Hfootnote.1} has been referenced but does not exi
st, replaced by a fixed one

<C:/Users/kbhan/AppData/Local/Programs/MiKTeX 2.9/fonts/type1/public/amsfonts/c
m/cmbx12.pfb><C:/Users/kbhan/AppData/Local/Programs/MiKTeX 2.9/fonts/type1/publ
ic/amsfonts/cm/cmr12.pfb><C:/Users/kbhan/AppData/Local/Programs/MiKTeX 2.9/font
s/type1/public/amsfonts/cm/cmr8.pfb><C:/Users/kbhan/AppData/Local/Programs/MiKT
eX 2.9/fonts/type1/public/amsfonts/cm/cmsl12.pfb><C:/Users/kbhan/AppData/Local/
Programs/MiKTeX 2.9/fonts/type1/public/amsfonts/cm/cmsy10.pfb><C:/Users/kbhan/A
ppData/Local/Programs/MiKTeX 2.9/fonts/type1/public/amsfonts/cm/cmtt12.pfb><C:/
Users/kbhan/AppData/Local/Programs/MiKTeX 2.9/fonts/type1/public/amsfonts/cm/cm
tt8.pfb><C:/Users/kbhan/AppData/Local/Programs/MiKTeX 2.9/fonts/type1/public/eu
rosym/feymr10.pfb>
Output written on Final.pdf (20 pages, 205251 bytes).
PDF statistics:
 291 PDF objects out of 1000 (max. 8388607)
 26 named destinations out of 1000 (max. 500000)
 138 words of extra memory for PDF output out of 10000 (max. 10000000)

